<?xml version="1.0" encoding="UTF-8"?>
<testsuite xmlns:xsi="http://www.w3.org/2001/XMLSchema-instance" xsi:noNamespaceSchemaLocation="https://maven.apache.org/surefire/maven-surefire-plugin/xsd/surefire-test-report.xsd" name="com.imatia.campusdual.EjerciciosTest" time="0.522" tests="16" errors="0" skipped="1" failures="0">
  <properties>
[...]
</properties>
  <testcase name="testBranchInAccounts" classname="com.imatia.campusdual.EjerciciosTest" time="0.244"/>
  <testcase name="testNewCustomBranch" classname="com.imatia.campusdual.EjerciciosTest" time="0.01"/>
  <testcase name="correctBalance" classname="com.imatia.campusdual.EjerciciosTest" time="0.009"/>
  <testcase name="failTestBranchInAccounts" classname="com.imatia.campusdual.EjerciciosTest" time="0.005"/>
  <testcase name="testDosCuentasDifAcountNumber" classname="com.imatia.campusdual.EjerciciosTest" time="0.006"/>
  <testcase name="testConstructorVacio" classname="com.imatia.campusdual.EjerciciosTest" time="0.006"/>
  <testcase name="correctBalance_v1" classname="com.imatia.campusdual.EjerciciosTest" time="0">
    <skipped message="Assumption failed: assumption is not true" type="org.opentest4j.TestAbortedException">org.opentest4j.TestAbortedException: Assumption failed: assumption is not true
	at com.imatia.campusdual.EjerciciosTest.correctBalance_v1(EjerciciosTest.java:207)
</skipped>
  </testcase>
  <testcase name="when_incrementing_balance_twice_then_balance_is_correct" classname="com.imatia.campusdual.EjerciciosTest" time="0.006"/>
  <testcase name="Test4_2" classname="com.imatia.campusdual.EjerciciosTest" time="0.004"/>
  <testcase name="Test5_4" classname="com.imatia.campusdual.EjerciciosTest" time="0.019"/>
  <testcase name="testSameEntityId" classname="com.imatia.campusdual.EjerciciosTest" time="0.003"/>
  <testcase name="testDifferentEntityId" classname="com.imatia.campusdual.EjerciciosTest" time="0"/>
  <testcase name="branchycuenta" classname="com.imatia.campusdual.EjerciciosTest" time="0.005"/>
  <testcase name="testUnsuccessfulWithdrawBalance" classname="com.imatia.campusdual.EjerciciosTest" time="0.01"/>
  <testcase name="correctWithdrawalBehaviour" classname="com.imatia.campusdual.EjerciciosTest" time="0.009"/>
  <testcase name="testExceptionAccount" classname="com.imatia.campusdual.EjerciciosTest" time="0.003"/>
</testsuite>